<?xml version="1.0" encoding="UTF-8"?>
<testsuite xmlns:xsi="http://www.w3.org/2001/XMLSchema-instance" xsi:noNamespaceSchemaLocation="https://maven.apache.org/surefire/maven-surefire-plugin/xsd/surefire-test-report.xsd" name="event.hoprxi.AppTest" time="0.016" tests="1" errors="0" skipped="0" failures="0">
  <properties>
    <property name="sun.desktop" value="windows"/>
    <property name="awt.toolkit" value="sun.awt.windows.WToolkit"/>
    <property name="file.encoding.pkg" value="sun.io"/>
    <property name="java.specification.version" value="1.8"/>
    <property name="sun.cpu.isalist" value="amd64"/>
    <property name="sun.jnu.encoding" value="GBK"/>
    <property name="java.class.path" value="E:\workspace\event\core\target\test-classes;E:\workspace\event\core\target\classes;e:\mvn\junit\junit\4.11\junit-4.11.jar;e:\mvn\org\hamcrest\hamcrest-core\1.3\hamcrest-core-1.3.jar;"/>
    <property name="java.vm.vendor" value="Oracle Corporation"/>
    <property name="sun.arch.data.model" value="64"/>
    <property name="user.variant" value=""/>
    <property name="java.vendor.url" value="http://java.oracle.com/"/>
    <property name="user.timezone" value="Asia/Shanghai"/>
    <property name="java.vm.specification.version" value="1.8"/>
    <property name="os.name" value="Windows 10"/>
    <property name="user.country" value="CN"/>
    <property name="sun.java.launcher" value="SUN_STANDARD"/>
    <property name="sun.boot.library.path" value="D:\Program Files\Java\jdk1.8.0_281\jre\bin"/>
    <property name="sun.java.command" value="C:\Users\guan\AppData\Local\Temp\surefire4328638224758256976\surefirebooter8671431054187709015.jar C:\Users\guan\AppData\Local\Temp\surefire4328638224758256976 2021-04-26T22-17-05_131-jvmRun1 surefire3095686704245806708tmp surefire_04106124550913387207tmp"/>
    <property name="surefire.test.class.path" value="E:\workspace\event\core\target\test-classes;E:\workspace\event\core\target\classes;e:\mvn\junit\junit\4.11\junit-4.11.jar;e:\mvn\org\hamcrest\hamcrest-core\1.3\hamcrest-core-1.3.jar;"/>
    <property name="sun.cpu.endian" value="little"/>
    <property name="user.home" value="C:\Users\guan"/>
    <property name="user.language" value="zh"/>
    <property name="java.specification.vendor" value="Oracle Corporation"/>
    <property name="java.home" value="D:\Program Files\Java\jdk1.8.0_281\jre"/>
    <property name="basedir" value="E:\workspace\event\core"/>
    <property name="file.separator" value="\"/>
    <property name="line.separator" value="&#10;"/>
    <property name="java.vm.specification.vendor" value="Oracle Corporation"/>
    <property name="java.specification.name" value="Java Platform API Specification"/>
    <property name="java.awt.graphicsenv" value="sun.awt.Win32GraphicsEnvironment"/>
    <property name="surefire.real.class.path" value="C:\Users\guan\AppData\Local\Temp\surefire4328638224758256976\surefirebooter8671431054187709015.jar"/>
    <property name="sun.boot.class.path" value="D:\Program Files\Java\jdk1.8.0_281\jre\lib\resources.jar;D:\Program Files\Java\jdk1.8.0_281\jre\lib\rt.jar;D:\Program Files\Java\jdk1.8.0_281\jre\lib\sunrsasign.jar;D:\Program Files\Java\jdk1.8.0_281\jre\lib\jsse.jar;D:\Program Files\Java\jdk1.8.0_281\jre\lib\jce.jar;D:\Program Files\Java\jdk1.8.0_281\jre\lib\charsets.jar;D:\Program Files\Java\jdk1.8.0_281\jre\lib\jfr.jar;D:\Program Files\Java\jdk1.8.0_281\jre\classes"/>
    <property name="user.script" value=""/>
    <property name="sun.management.compiler" value="HotSpot 64-Bit Tiered Compilers"/>
    <property name="java.runtime.version" value="1.8.0_281-b09"/>
    <property name="user.name" value="guan"/>
    <property name="path.separator" value=";"/>
    <property name="os.version" value="10.0"/>
    <property name="java.endorsed.dirs" value="D:\Program Files\Java\jdk1.8.0_281\jre\lib\endorsed"/>
    <property name="java.runtime.name" value="Java(TM) SE Runtime Environment"/>
    <property name="file.encoding" value="GBK"/>
    <property name="java.vm.name" value="Java HotSpot(TM) 64-Bit Server VM"/>
    <property name="localRepository" value="e:\mvn"/>
    <property name="java.vendor.url.bug" value="http://bugreport.sun.com/bugreport/"/>
    <property name="java.io.tmpdir" value="C:\Users\guan\AppData\Local\Temp\"/>
    <property name="idea.version" value="2020.3.2"/>
    <property name="java.version" value="1.8.0_281"/>
    <property name="user.dir" value="E:\workspace\event\core"/>
    <property name="os.arch" value="amd64"/>
    <property name="java.vm.specification.name" value="Java Virtual Machine Specification"/>
    <property name="java.awt.printerjob" value="sun.awt.windows.WPrinterJob"/>
    <property name="sun.os.patch.level" value=""/>
    <property name="java.library.path" value="D:\Program Files\Java\jdk1.8.0_281\jre\bin;C:\Windows\Sun\Java\bin;C:\Windows\system32;C:\Windows;C:\Program Files (x86)\Common Files\Oracle\Java\javapath;C:\Windows\system32;C:\Windows;C:\Windows\System32\Wbem;C:\Windows\System32\WindowsPowerShell\v1.0\;C:\Windows\System32\OpenSSH\;D:\Program Files (x86)\Microsoft SQL Server\100\Tools\Binn\;D:\Program Files\Microsoft SQL Server\100\Tools\Binn\;D:\Program Files\Microsoft SQL Server\100\DTS\Binn\;D:\Program Files (x86)\Microsoft SQL Server\100\Tools\Binn\VSShell\Common7\IDE\;D:\Program Files (x86)\Microsoft SQL Server\100\DTS\Binn\;D:\Program Files\Java\jdk1.8.0_281\bin;D:\Program Files (x86)\Java\jre1.8.0_281\bin;D:\Program Files\Java\jdk1.8.0_281;d:\Program Files\Git\cmd;C:\Users\guan\AppData\Local\Microsoft\WindowsApps;;d:\Program Files\JetBrains\IntelliJ IDEA 2020.3.2\bin;;."/>
    <property name="java.vm.info" value="mixed mode"/>
    <property name="java.vendor" value="Oracle Corporation"/>
    <property name="java.vm.version" value="25.281-b09"/>
    <property name="java.ext.dirs" value="D:\Program Files\Java\jdk1.8.0_281\jre\lib\ext;C:\Windows\Sun\Java\lib\ext"/>
    <property name="sun.io.unicode.encoding" value="UnicodeLittle"/>
    <property name="java.class.version" value="52.0"/>
  </properties>
  <testcase name="shouldAnswerWithTrue" classname="event.hoprxi.AppTest" time="0.002"/>
</testsuite>